2025-08-18 22:29:59 [INFO] XG5000Client - ============================================================
2025-08-18 22:29:59 [INFO] XG5000Client - XG5000 PLC 클라이언트 로깅 시작
2025-08-18 22:29:59 [INFO] XG5000Client - PLC IP: 192.168.1.2, Port: 2004
2025-08-18 22:29:59 [INFO] XG5000Client - 로그 파일: logs\xg5000_client_20250818.log
2025-08-18 22:29:59 [INFO] XG5000Client - ============================================================
2025-08-18 22:29:59 [INFO] XG5000Client - DB 연결: MariaDB 테이블, 0개 레코드
2025-08-18 22:29:59 [DEBUG] XG5000Client - 작업 상세: 연결 시간: 0.010초
2025-08-18 22:29:59 [DEBUG] XG5000Client - 데이터 수집 시작 (회차: 1)
2025-08-18 22:29:59 [INFO] XG5000Client - XG5000 PLC 데이터 수집 시작 (장치 ID: 1, 주기: 1000ms)
2025-08-18 22:29:59 [INFO] XG5000Client - DB 조회: plc_data_items 테이블, 104개 레코드
2025-08-18 22:29:59 [DEBUG] XG5000Client - 작업 상세: 조회 시간: 0.002초
2025-08-18 22:29:59 [INFO] XG5000Client - 성능 측정: 데이터 항목 조회 - 0.002초
2025-08-18 22:29:59 [DEBUG] XG5000Client - 성능 상세: PLC 장치 ID: 1
2025-08-18 22:29:59 [INFO] XG5000Client - 배치 읽기 시작: 총 104개 항목
2025-08-18 22:29:59 [INFO] XG5000Client - 타입 C 처리: 3개 항목
2025-08-18 22:29:59 [DEBUG] XG5000Client - 배치 그룹 생성: 3개 항목 → 1개 배치
2025-08-18 22:29:59 [INFO] XG5000Client - 배치 처리: C 타입, 1개 배치
2025-08-18 22:29:59 [DEBUG] XG5000Client -   배치 1: [180, 181, 182] (3개 항목)
2025-08-18 22:29:59 [INFO] XG5000Client - 배치 1 성공: 3개 항목, 0.033초
2025-08-18 22:29:59 [INFO] XG5000Client - 타입 D 처리: 94개 항목
2025-08-18 22:29:59 [DEBUG] XG5000Client - 배치 그룹 생성: 94개 항목 → 17개 배치
2025-08-18 22:29:59 [INFO] XG5000Client - 배치 처리: D 타입, 17개 배치
2025-08-18 22:29:59 [DEBUG] XG5000Client -   배치 1: [0] (1개 항목)
2025-08-18 22:29:59 [DEBUG] XG5000Client -   배치 2: [4000, 4001, 4002, 4003] (4개 항목)
2025-08-18 22:29:59 [DEBUG] XG5000Client -   배치 3: [4010] (1개 항목)
2025-08-18 22:29:59 [DEBUG] XG5000Client -   배치 4: [4012, 4013] (2개 항목)
2025-08-18 22:29:59 [DEBUG] XG5000Client -   배치 5: [4102, 4103] (2개 항목)
2025-08-18 22:29:59 [DEBUG] XG5000Client -   배치 6: [4121, 4122, 4123, 4124] (4개 항목)
2025-08-18 22:29:59 [DEBUG] XG5000Client -   배치 7: [4201, 4202, 4203, 4204, 4205] (5개 항목)
2025-08-18 22:29:59 [DEBUG] XG5000Client -   배치 8: [4221, 4222, 4223, 4224, 4225] (5개 항목)
2025-08-18 22:29:59 [DEBUG] XG5000Client -   배치 9: [4301, 4302, 4303, 4304, 4305, 4306, 4307] (7개 항목)
2025-08-18 22:29:59 [DEBUG] XG5000Client -   배치 10: [4321, 4322, 4323, 4324, 4325, 4326, 4327] (7개 항목)
2025-08-18 22:29:59 [DEBUG] XG5000Client -   배치 11: [4401, 4402, 4403, 4404, 4405, 4406, 4407, 4408, 4409, 4410] (10개 항목)
2025-08-18 22:29:59 [DEBUG] XG5000Client -   배치 12: [4421, 4422, 4423, 4424, 4425, 4426, 4427, 4428, 4429, 4430] (10개 항목)
2025-08-18 22:29:59 [DEBUG] XG5000Client -   배치 13: [4501, 4502, 4503, 4504, 4505, 4506] (6개 항목)
2025-08-18 22:29:59 [DEBUG] XG5000Client -   배치 14: [4521, 4522, 4523, 4524, 4525, 4526] (6개 항목)
2025-08-18 22:29:59 [DEBUG] XG5000Client -   배치 15: [4601, 4602, 4603, 4604, 4605, 4606, 4607, 4608] (8개 항목)
2025-08-18 22:29:59 [DEBUG] XG5000Client -   배치 16: [4610, 4611, 4612, 4613, 4614] (5개 항목)
2025-08-18 22:29:59 [DEBUG] XG5000Client -   배치 17: [4620, 4621, 4622, 4623, 4624, 4625, 4626, 4627, 4628, 4629, 4630] (11개 항목)
2025-08-18 22:29:59 [INFO] XG5000Client - 배치 1 성공: 1개 항목, 0.013초
2025-08-18 22:30:00 [INFO] XG5000Client - 배치 2 성공: 4개 항목, 0.229초
2025-08-18 22:30:00 [INFO] XG5000Client - 배치 3 성공: 1개 항목, 0.028초
2025-08-18 22:30:00 [INFO] XG5000Client - 배치 4 성공: 2개 항목, 0.036초
2025-08-18 22:30:00 [INFO] XG5000Client - 배치 5 성공: 2개 항목, 0.028초
2025-08-18 22:30:00 [INFO] XG5000Client - 배치 6 성공: 4개 항목, 0.014초
2025-08-18 22:30:00 [INFO] XG5000Client - 배치 7 성공: 5개 항목, 0.528초
2025-08-18 22:30:00 [INFO] XG5000Client - 배치 8 성공: 5개 항목, 0.029초
2025-08-18 22:30:00 [INFO] XG5000Client - 배치 9 성공: 7개 항목, 0.014초
2025-08-18 22:30:01 [INFO] XG5000Client - 배치 10 성공: 7개 항목, 0.511초
2025-08-18 22:30:01 [INFO] XG5000Client - 배치 11 성공: 10개 항목, 0.030초
2025-08-18 22:30:01 [INFO] XG5000Client - 배치 12 성공: 10개 항목, 0.214초
2025-08-18 22:30:01 [INFO] XG5000Client - 배치 13 성공: 6개 항목, 0.014초
2025-08-18 22:30:01 [INFO] XG5000Client - 배치 14 성공: 6개 항목, 0.029초
2025-08-18 22:30:02 [INFO] XG5000Client - 배치 15 성공: 8개 항목, 0.520초
2025-08-18 22:30:02 [INFO] XG5000Client - 배치 16 성공: 5개 항목, 0.029초
2025-08-18 22:30:02 [INFO] XG5000Client - 배치 17 성공: 11개 항목, 0.030초
2025-08-18 22:30:02 [INFO] XG5000Client - 타입 M 처리: 4개 항목
2025-08-18 22:30:02 [DEBUG] XG5000Client - 배치 그룹 생성: 4개 항목 → 3개 배치
2025-08-18 22:30:02 [INFO] XG5000Client - 배치 처리: M 타입, 3개 배치
2025-08-18 22:30:02 [DEBUG] XG5000Client -   배치 1: [132, 133] (2개 항목)
2025-08-18 22:30:02 [DEBUG] XG5000Client -   배치 2: [210] (1개 항목)
2025-08-18 22:30:02 [DEBUG] XG5000Client -   배치 3: [221] (1개 항목)
2025-08-18 22:30:02 [INFO] XG5000Client - 배치 1 성공: 2개 항목, 0.007초
2025-08-18 22:30:02 [INFO] XG5000Client - 배치 2 성공: 1개 항목, 0.521초
2025-08-18 22:30:02 [INFO] XG5000Client - 배치 3 성공: 1개 항목, 0.030초
2025-08-18 22:30:02 [INFO] XG5000Client - 타입 X 처리: 3개 항목
2025-08-18 22:30:02 [DEBUG] XG5000Client - 배치 그룹 생성: 3개 항목 → 3개 배치
2025-08-18 22:30:02 [INFO] XG5000Client - 배치 처리: X 타입, 3개 배치
2025-08-18 22:30:02 [DEBUG] XG5000Client -   배치 1: [0] (1개 항목)
2025-08-18 22:30:02 [DEBUG] XG5000Client -   배치 2: [4] (1개 항목)
2025-08-18 22:30:02 [DEBUG] XG5000Client -   배치 3: [8] (1개 항목)
2025-08-18 22:30:02 [ERROR] XG5000Client - PLC 배치 읽기: %IW0 x1 읽기 오류: PLC Error: 0xFFFF
2025-08-18 22:30:02 [ERROR] XG5000Client - 배치 1 실패: 1개 항목
2025-08-18 22:30:03 [ERROR] XG5000Client - PLC 배치 읽기: %IW4 x1 읽기 오류: PLC Error: 0xFFFF
2025-08-18 22:30:03 [ERROR] XG5000Client - 배치 2 실패: 1개 항목
2025-08-18 22:30:03 [ERROR] XG5000Client - PLC 배치 읽기: %IW8 x1 읽기 오류: PLC Error: 0xFFFF
2025-08-18 22:30:03 [ERROR] XG5000Client - 배치 3 실패: 1개 항목
2025-08-18 22:30:03 [INFO] XG5000Client - 데이터 수집 완료: 총 104개, 성공 38개, 실패 66개
2025-08-18 22:30:03 [INFO] XG5000Client - 수집 시간: 3.487초
2025-08-18 22:30:03 [WARNING] XG5000Client - 수집 실패 항목: 66개
2025-08-18 22:30:03 [INFO] XG5000Client - 성능 측정: 전체 배치 읽기 - 3.487초
2025-08-18 22:30:03 [DEBUG] XG5000Client - 성능 상세: 성공: 38, 실패: 66
2025-08-18 22:30:03 [INFO] XG5000Client - DB 저장: plc_real_time_data 테이블, 104개 레코드
2025-08-18 22:30:03 [DEBUG] XG5000Client - 작업 상세: 삭제: 0개, 삽입: 104개, 시간: 0.121초
2025-08-18 22:30:03 [INFO] XG5000Client - 성능 측정: 실시간 데이터 저장 - 0.121초
2025-08-18 22:30:03 [DEBUG] XG5000Client - 성능 상세: 삭제: 0, 삽입: 104
2025-08-18 22:30:03 [DEBUG] XG5000Client - 데이터 수집 완료 (회차: 1, 시간: 3.611초)
2025-08-18 22:30:04 [DEBUG] XG5000Client - 데이터 수집 시작 (회차: 2)
2025-08-18 22:30:04 [INFO] XG5000Client - DB 조회: plc_data_items 테이블, 104개 레코드
2025-08-18 22:30:04 [DEBUG] XG5000Client - 작업 상세: 조회 시간: 0.003초
2025-08-18 22:30:04 [INFO] XG5000Client - 성능 측정: 데이터 항목 조회 - 0.003초
2025-08-18 22:30:04 [DEBUG] XG5000Client - 성능 상세: PLC 장치 ID: 1
2025-08-18 22:30:04 [INFO] XG5000Client - 배치 읽기 시작: 총 104개 항목
2025-08-18 22:30:04 [INFO] XG5000Client - 타입 C 처리: 3개 항목
2025-08-18 22:30:04 [DEBUG] XG5000Client - 배치 그룹 생성: 3개 항목 → 1개 배치
2025-08-18 22:30:04 [INFO] XG5000Client - 배치 처리: C 타입, 1개 배치
2025-08-18 22:30:04 [DEBUG] XG5000Client -   배치 1: [180, 181, 182] (3개 항목)
2025-08-18 22:30:04 [INFO] XG5000Client - 배치 1 성공: 3개 항목, 0.018초
2025-08-18 22:30:04 [INFO] XG5000Client - 타입 D 처리: 94개 항목
2025-08-18 22:30:04 [DEBUG] XG5000Client - 배치 그룹 생성: 94개 항목 → 17개 배치
2025-08-18 22:30:04 [INFO] XG5000Client - 배치 처리: D 타입, 17개 배치
2025-08-18 22:30:04 [DEBUG] XG5000Client -   배치 1: [0] (1개 항목)
2025-08-18 22:30:04 [DEBUG] XG5000Client -   배치 2: [4000, 4001, 4002, 4003] (4개 항목)
2025-08-18 22:30:04 [DEBUG] XG5000Client -   배치 3: [4010] (1개 항목)
2025-08-18 22:30:04 [DEBUG] XG5000Client -   배치 4: [4012, 4013] (2개 항목)
2025-08-18 22:30:04 [DEBUG] XG5000Client -   배치 5: [4102, 4103] (2개 항목)
2025-08-18 22:30:04 [DEBUG] XG5000Client -   배치 6: [4121, 4122, 4123, 4124] (4개 항목)
2025-08-18 22:30:04 [DEBUG] XG5000Client -   배치 7: [4201, 4202, 4203, 4204, 4205] (5개 항목)
2025-08-18 22:30:04 [DEBUG] XG5000Client -   배치 8: [4221, 4222, 4223, 4224, 4225] (5개 항목)
2025-08-18 22:30:04 [DEBUG] XG5000Client -   배치 9: [4301, 4302, 4303, 4304, 4305, 4306, 4307] (7개 항목)
2025-08-18 22:30:04 [DEBUG] XG5000Client -   배치 10: [4321, 4322, 4323, 4324, 4325, 4326, 4327] (7개 항목)
2025-08-18 22:30:04 [DEBUG] XG5000Client -   배치 11: [4401, 4402, 4403, 4404, 4405, 4406, 4407, 4408, 4409, 4410] (10개 항목)
2025-08-18 22:30:04 [DEBUG] XG5000Client -   배치 12: [4421, 4422, 4423, 4424, 4425, 4426, 4427, 4428, 4429, 4430] (10개 항목)
2025-08-18 22:30:04 [DEBUG] XG5000Client -   배치 13: [4501, 4502, 4503, 4504, 4505, 4506] (6개 항목)
2025-08-18 22:30:04 [DEBUG] XG5000Client -   배치 14: [4521, 4522, 4523, 4524, 4525, 4526] (6개 항목)
2025-08-18 22:30:04 [DEBUG] XG5000Client -   배치 15: [4601, 4602, 4603, 4604, 4605, 4606, 4607, 4608] (8개 항목)
2025-08-18 22:30:04 [DEBUG] XG5000Client -   배치 16: [4610, 4611, 4612, 4613, 4614] (5개 항목)
2025-08-18 22:30:04 [DEBUG] XG5000Client -   배치 17: [4620, 4621, 4622, 4623, 4624, 4625, 4626, 4627, 4628, 4629, 4630] (11개 항목)
2025-08-18 22:30:04 [INFO] XG5000Client - 배치 1 성공: 1개 항목, 0.028초
2025-08-18 22:30:04 [INFO] XG5000Client - 배치 2 성공: 4개 항목, 0.014초
2025-08-18 22:30:05 [INFO] XG5000Client - 배치 3 성공: 1개 항목, 0.534초
2025-08-18 22:30:05 [INFO] XG5000Client - 배치 4 성공: 2개 항목, 0.030초
2025-08-18 22:30:05 [INFO] XG5000Client - 배치 5 성공: 2개 항목, 0.028초
2025-08-18 22:30:05 [INFO] XG5000Client - 배치 6 성공: 4개 항목, 0.008초
2025-08-18 22:30:05 [INFO] XG5000Client - 배치 7 성공: 5개 항목, 0.734초
2025-08-18 22:30:05 [INFO] XG5000Client - 배치 8 성공: 5개 항목, 0.014초
2025-08-18 22:30:05 [INFO] XG5000Client - 배치 9 성공: 7개 항목, 0.029초
2025-08-18 22:30:06 [INFO] XG5000Client - 배치 10 성공: 7개 항목, 0.521초
2025-08-18 22:30:06 [INFO] XG5000Client - 배치 11 성공: 10개 항목, 0.025초
2025-08-18 22:30:06 [INFO] XG5000Client - 배치 12 성공: 10개 항목, 0.028초
2025-08-18 22:30:06 [INFO] XG5000Client - 배치 13 성공: 6개 항목, 0.007초
2025-08-18 22:30:07 [INFO] XG5000Client - 배치 14 성공: 6개 항목, 0.520초
2025-08-18 22:30:07 [INFO] XG5000Client - 배치 15 성공: 8개 항목, 0.036초
2025-08-18 22:30:07 [INFO] XG5000Client - 배치 16 성공: 5개 항목, 0.008초
2025-08-18 22:30:07 [INFO] XG5000Client - 배치 17 성공: 11개 항목, 0.725초
2025-08-18 22:30:07 [INFO] XG5000Client - 타입 M 처리: 4개 항목
2025-08-18 22:30:07 [DEBUG] XG5000Client - 배치 그룹 생성: 4개 항목 → 3개 배치
2025-08-18 22:30:07 [INFO] XG5000Client - 배치 처리: M 타입, 3개 배치
2025-08-18 22:30:07 [DEBUG] XG5000Client -   배치 1: [132, 133] (2개 항목)
2025-08-18 22:30:07 [DEBUG] XG5000Client -   배치 2: [210] (1개 항목)
2025-08-18 22:30:07 [DEBUG] XG5000Client -   배치 3: [221] (1개 항목)
2025-08-18 22:30:07 [INFO] XG5000Client - 배치 1 성공: 2개 항목, 0.027초
2025-08-18 22:30:07 [INFO] XG5000Client - 배치 2 성공: 1개 항목, 0.028초
2025-08-18 22:30:07 [INFO] XG5000Client - 배치 3 성공: 1개 항목, 0.008초
2025-08-18 22:30:07 [INFO] XG5000Client - 타입 X 처리: 3개 항목
2025-08-18 22:30:07 [DEBUG] XG5000Client - 배치 그룹 생성: 3개 항목 → 3개 배치
2025-08-18 22:30:07 [INFO] XG5000Client - 배치 처리: X 타입, 3개 배치
2025-08-18 22:30:07 [DEBUG] XG5000Client -   배치 1: [0] (1개 항목)
2025-08-18 22:30:07 [DEBUG] XG5000Client -   배치 2: [4] (1개 항목)
2025-08-18 22:30:07 [DEBUG] XG5000Client -   배치 3: [8] (1개 항목)
2025-08-18 22:30:08 [ERROR] XG5000Client - PLC 배치 읽기: %IW0 x1 읽기 오류: PLC Error: 0xFFFF
2025-08-18 22:30:08 [ERROR] XG5000Client - 배치 1 실패: 1개 항목
2025-08-18 22:30:08 [ERROR] XG5000Client - PLC 배치 읽기: %IW4 x1 읽기 오류: PLC Error: 0xFFFF
2025-08-18 22:30:08 [ERROR] XG5000Client - 배치 2 실패: 1개 항목
2025-08-18 22:30:08 [ERROR] XG5000Client - PLC 배치 읽기: %IW8 x1 읽기 오류: PLC Error: 0xFFFF
2025-08-18 22:30:08 [ERROR] XG5000Client - 배치 3 실패: 1개 항목
2025-08-18 22:30:08 [INFO] XG5000Client - 데이터 수집 완료: 총 104개, 성공 38개, 실패 66개
2025-08-18 22:30:08 [INFO] XG5000Client - 수집 시간: 3.956초
2025-08-18 22:30:08 [WARNING] XG5000Client - 수집 실패 항목: 66개
2025-08-18 22:30:08 [INFO] XG5000Client - 성능 측정: 전체 배치 읽기 - 3.956초
2025-08-18 22:30:08 [DEBUG] XG5000Client - 성능 상세: 성공: 38, 실패: 66
2025-08-18 22:30:08 [INFO] XG5000Client - DB 저장: plc_real_time_data 테이블, 104개 레코드
2025-08-18 22:30:08 [DEBUG] XG5000Client - 작업 상세: 삭제: 104개, 삽입: 104개, 시간: 0.255초
2025-08-18 22:30:08 [INFO] XG5000Client - 성능 측정: 실시간 데이터 저장 - 0.255초
2025-08-18 22:30:08 [DEBUG] XG5000Client - 성능 상세: 삭제: 104, 삽입: 104
2025-08-18 22:30:08 [DEBUG] XG5000Client - 데이터 수집 완료 (회차: 2, 시간: 4.216초)
2025-08-18 22:30:09 [DEBUG] XG5000Client - 데이터 수집 시작 (회차: 3)
2025-08-18 22:30:09 [INFO] XG5000Client - DB 조회: plc_data_items 테이블, 104개 레코드
2025-08-18 22:30:09 [DEBUG] XG5000Client - 작업 상세: 조회 시간: 0.003초
2025-08-18 22:30:09 [INFO] XG5000Client - 성능 측정: 데이터 항목 조회 - 0.003초
2025-08-18 22:30:09 [DEBUG] XG5000Client - 성능 상세: PLC 장치 ID: 1
2025-08-18 22:30:09 [INFO] XG5000Client - 배치 읽기 시작: 총 104개 항목
2025-08-18 22:30:09 [INFO] XG5000Client - 타입 C 처리: 3개 항목
2025-08-18 22:30:09 [DEBUG] XG5000Client - 배치 그룹 생성: 3개 항목 → 1개 배치
2025-08-18 22:30:09 [INFO] XG5000Client - 배치 처리: C 타입, 1개 배치
2025-08-18 22:30:09 [DEBUG] XG5000Client -   배치 1: [180, 181, 182] (3개 항목)
2025-08-18 22:30:09 [INFO] XG5000Client - 배치 1 성공: 3개 항목, 0.036초
2025-08-18 22:30:09 [INFO] XG5000Client - 타입 D 처리: 94개 항목
2025-08-18 22:30:09 [DEBUG] XG5000Client - 배치 그룹 생성: 94개 항목 → 17개 배치
2025-08-18 22:30:09 [INFO] XG5000Client - 배치 처리: D 타입, 17개 배치
2025-08-18 22:30:09 [DEBUG] XG5000Client -   배치 1: [0] (1개 항목)
2025-08-18 22:30:09 [DEBUG] XG5000Client -   배치 2: [4000, 4001, 4002, 4003] (4개 항목)
2025-08-18 22:30:09 [DEBUG] XG5000Client -   배치 3: [4010] (1개 항목)
2025-08-18 22:30:09 [DEBUG] XG5000Client -   배치 4: [4012, 4013] (2개 항목)
2025-08-18 22:30:09 [DEBUG] XG5000Client -   배치 5: [4102, 4103] (2개 항목)
2025-08-18 22:30:09 [DEBUG] XG5000Client -   배치 6: [4121, 4122, 4123, 4124] (4개 항목)
2025-08-18 22:30:09 [DEBUG] XG5000Client -   배치 7: [4201, 4202, 4203, 4204, 4205] (5개 항목)
2025-08-18 22:30:09 [DEBUG] XG5000Client -   배치 8: [4221, 4222, 4223, 4224, 4225] (5개 항목)
2025-08-18 22:30:09 [DEBUG] XG5000Client -   배치 9: [4301, 4302, 4303, 4304, 4305, 4306, 4307] (7개 항목)
2025-08-18 22:30:09 [DEBUG] XG5000Client -   배치 10: [4321, 4322, 4323, 4324, 4325, 4326, 4327] (7개 항목)
2025-08-18 22:30:09 [DEBUG] XG5000Client -   배치 11: [4401, 4402, 4403, 4404, 4405, 4406, 4407, 4408, 4409, 4410] (10개 항목)
2025-08-18 22:30:09 [DEBUG] XG5000Client -   배치 12: [4421, 4422, 4423, 4424, 4425, 4426, 4427, 4428, 4429, 4430] (10개 항목)
2025-08-18 22:30:09 [DEBUG] XG5000Client -   배치 13: [4501, 4502, 4503, 4504, 4505, 4506] (6개 항목)
2025-08-18 22:30:09 [DEBUG] XG5000Client -   배치 14: [4521, 4522, 4523, 4524, 4525, 4526] (6개 항목)
2025-08-18 22:30:09 [DEBUG] XG5000Client -   배치 15: [4601, 4602, 4603, 4604, 4605, 4606, 4607, 4608] (8개 항목)
2025-08-18 22:30:09 [DEBUG] XG5000Client -   배치 16: [4610, 4611, 4612, 4613, 4614] (5개 항목)
2025-08-18 22:30:09 [DEBUG] XG5000Client -   배치 17: [4620, 4621, 4622, 4623, 4624, 4625, 4626, 4627, 4628, 4629, 4630] (11개 항목)
2025-08-18 22:30:09 [INFO] XG5000Client - 배치 1 성공: 1개 항목, 0.036초
2025-08-18 22:30:09 [INFO] XG5000Client - 배치 2 성공: 4개 항목, 0.021초
2025-08-18 22:30:09 [INFO] XG5000Client - 배치 3 성공: 1개 항목, 0.014초
2025-08-18 22:30:10 [INFO] XG5000Client - 배치 4 성공: 2개 항목, 0.521초
2025-08-18 22:30:10 [INFO] XG5000Client - 배치 5 성공: 2개 항목, 0.227초
2025-08-18 22:30:10 [INFO] XG5000Client - 배치 6 성공: 4개 항목, 0.008초
2025-08-18 22:30:10 [INFO] XG5000Client - 배치 7 성공: 5개 항목, 0.037초
2025-08-18 22:30:11 [INFO] XG5000Client - 배치 8 성공: 5개 항목, 0.526초
2025-08-18 22:30:11 [INFO] XG5000Client - 배치 9 성공: 7개 항목, 0.029초
2025-08-18 22:30:11 [INFO] XG5000Client - 배치 10 성공: 7개 항목, 0.036초
2025-08-18 22:30:11 [INFO] XG5000Client - 배치 11 성공: 10개 항목, 0.030초
2025-08-18 22:30:11 [INFO] XG5000Client - 배치 12 성공: 10개 항목, 0.008초
2025-08-18 22:30:11 [INFO] XG5000Client - 배치 13 성공: 6개 항목, 0.532초
2025-08-18 22:30:11 [INFO] XG5000Client - 배치 14 성공: 6개 항목, 0.031초
2025-08-18 22:30:11 [INFO] XG5000Client - 배치 15 성공: 8개 항목, 0.014초
2025-08-18 22:30:12 [INFO] XG5000Client - 배치 16 성공: 5개 항목, 0.534초
2025-08-18 22:30:12 [INFO] XG5000Client - 배치 17 성공: 11개 항목, 0.213초
2025-08-18 22:30:12 [INFO] XG5000Client - 타입 M 처리: 4개 항목
2025-08-18 22:30:12 [DEBUG] XG5000Client - 배치 그룹 생성: 4개 항목 → 3개 배치
2025-08-18 22:30:12 [INFO] XG5000Client - 배치 처리: M 타입, 3개 배치
2025-08-18 22:30:12 [DEBUG] XG5000Client -   배치 1: [132, 133] (2개 항목)
2025-08-18 22:30:12 [DEBUG] XG5000Client -   배치 2: [210] (1개 항목)
2025-08-18 22:30:12 [DEBUG] XG5000Client -   배치 3: [221] (1개 항목)
2025-08-18 22:30:12 [INFO] XG5000Client - 배치 1 성공: 2개 항목, 0.028초
2025-08-18 22:30:12 [INFO] XG5000Client - 배치 2 성공: 1개 항목, 0.007초
2025-08-18 22:30:13 [INFO] XG5000Client - 배치 3 성공: 1개 항목, 0.514초
2025-08-18 22:30:13 [INFO] XG5000Client - 타입 X 처리: 3개 항목
2025-08-18 22:30:13 [DEBUG] XG5000Client - 배치 그룹 생성: 3개 항목 → 3개 배치
2025-08-18 22:30:13 [INFO] XG5000Client - 배치 처리: X 타입, 3개 배치
2025-08-18 22:30:13 [DEBUG] XG5000Client -   배치 1: [0] (1개 항목)
2025-08-18 22:30:13 [DEBUG] XG5000Client -   배치 2: [4] (1개 항목)
2025-08-18 22:30:13 [DEBUG] XG5000Client -   배치 3: [8] (1개 항목)
2025-08-18 22:30:13 [ERROR] XG5000Client - PLC 배치 읽기: %IW0 x1 읽기 오류: PLC Error: 0xFFFF
2025-08-18 22:30:13 [ERROR] XG5000Client - 배치 1 실패: 1개 항목
2025-08-18 22:30:13 [ERROR] XG5000Client - PLC 배치 읽기: %IW4 x1 읽기 오류: PLC Error: 0xFFFF
2025-08-18 22:30:13 [ERROR] XG5000Client - 배치 2 실패: 1개 항목
2025-08-18 22:30:13 [ERROR] XG5000Client - PLC 배치 읽기: %IW8 x1 읽기 오류: PLC Error: 0xFFFF
2025-08-18 22:30:13 [ERROR] XG5000Client - 배치 3 실패: 1개 항목
2025-08-18 22:30:13 [INFO] XG5000Client - 데이터 수집 완료: 총 104개, 성공 38개, 실패 66개
2025-08-18 22:30:13 [INFO] XG5000Client - 수집 시간: 3.682초
2025-08-18 22:30:13 [WARNING] XG5000Client - 수집 실패 항목: 66개
2025-08-18 22:30:13 [INFO] XG5000Client - 성능 측정: 전체 배치 읽기 - 3.682초
2025-08-18 22:30:13 [DEBUG] XG5000Client - 성능 상세: 성공: 38, 실패: 66
2025-08-18 22:30:13 [INFO] XG5000Client - DB 저장: plc_real_time_data 테이블, 104개 레코드
2025-08-18 22:30:13 [DEBUG] XG5000Client - 작업 상세: 삭제: 104개, 삽입: 104개, 시간: 0.196초
2025-08-18 22:30:13 [INFO] XG5000Client - 성능 측정: 실시간 데이터 저장 - 0.196초
2025-08-18 22:30:13 [DEBUG] XG5000Client - 성능 상세: 삭제: 104, 삽입: 104
2025-08-18 22:30:13 [DEBUG] XG5000Client - 데이터 수집 완료 (회차: 3, 시간: 3.883초)
2025-08-18 22:30:14 [DEBUG] XG5000Client - 데이터 수집 시작 (회차: 4)
2025-08-18 22:30:14 [INFO] XG5000Client - DB 조회: plc_data_items 테이블, 104개 레코드
2025-08-18 22:30:14 [DEBUG] XG5000Client - 작업 상세: 조회 시간: 0.002초
2025-08-18 22:30:14 [INFO] XG5000Client - 성능 측정: 데이터 항목 조회 - 0.002초
2025-08-18 22:30:14 [DEBUG] XG5000Client - 성능 상세: PLC 장치 ID: 1
2025-08-18 22:30:14 [INFO] XG5000Client - 배치 읽기 시작: 총 104개 항목
2025-08-18 22:30:14 [INFO] XG5000Client - 타입 C 처리: 3개 항목
2025-08-18 22:30:14 [DEBUG] XG5000Client - 배치 그룹 생성: 3개 항목 → 1개 배치
2025-08-18 22:30:14 [INFO] XG5000Client - 배치 처리: C 타입, 1개 배치
2025-08-18 22:30:14 [DEBUG] XG5000Client -   배치 1: [180, 181, 182] (3개 항목)
2025-08-18 22:30:14 [INFO] XG5000Client - 배치 1 성공: 3개 항목, 0.031초
2025-08-18 22:30:14 [INFO] XG5000Client - 타입 D 처리: 94개 항목
2025-08-18 22:30:14 [DEBUG] XG5000Client - 배치 그룹 생성: 94개 항목 → 17개 배치
2025-08-18 22:30:14 [INFO] XG5000Client - 배치 처리: D 타입, 17개 배치
2025-08-18 22:30:14 [DEBUG] XG5000Client -   배치 1: [0] (1개 항목)
2025-08-18 22:30:14 [DEBUG] XG5000Client -   배치 2: [4000, 4001, 4002, 4003] (4개 항목)
2025-08-18 22:30:14 [DEBUG] XG5000Client -   배치 3: [4010] (1개 항목)
2025-08-18 22:30:14 [DEBUG] XG5000Client -   배치 4: [4012, 4013] (2개 항목)
2025-08-18 22:30:14 [DEBUG] XG5000Client -   배치 5: [4102, 4103] (2개 항목)
2025-08-18 22:30:14 [DEBUG] XG5000Client -   배치 6: [4121, 4122, 4123, 4124] (4개 항목)
2025-08-18 22:30:14 [DEBUG] XG5000Client -   배치 7: [4201, 4202, 4203, 4204, 4205] (5개 항목)
2025-08-18 22:30:14 [DEBUG] XG5000Client -   배치 8: [4221, 4222, 4223, 4224, 4225] (5개 항목)
2025-08-18 22:30:14 [DEBUG] XG5000Client -   배치 9: [4301, 4302, 4303, 4304, 4305, 4306, 4307] (7개 항목)
2025-08-18 22:30:14 [DEBUG] XG5000Client -   배치 10: [4321, 4322, 4323, 4324, 4325, 4326, 4327] (7개 항목)
2025-08-18 22:30:14 [DEBUG] XG5000Client -   배치 11: [4401, 4402, 4403, 4404, 4405, 4406, 4407, 4408, 4409, 4410] (10개 항목)
2025-08-18 22:30:14 [DEBUG] XG5000Client -   배치 12: [4421, 4422, 4423, 4424, 4425, 4426, 4427, 4428, 4429, 4430] (10개 항목)
2025-08-18 22:30:14 [DEBUG] XG5000Client -   배치 13: [4501, 4502, 4503, 4504, 4505, 4506] (6개 항목)
2025-08-18 22:30:14 [DEBUG] XG5000Client -   배치 14: [4521, 4522, 4523, 4524, 4525, 4526] (6개 항목)
2025-08-18 22:30:14 [DEBUG] XG5000Client -   배치 15: [4601, 4602, 4603, 4604, 4605, 4606, 4607, 4608] (8개 항목)
2025-08-18 22:30:14 [DEBUG] XG5000Client -   배치 16: [4610, 4611, 4612, 4613, 4614] (5개 항목)
2025-08-18 22:30:14 [DEBUG] XG5000Client -   배치 17: [4620, 4621, 4622, 4623, 4624, 4625, 4626, 4627, 4628, 4629, 4630] (11개 항목)
2025-08-18 22:30:14 [INFO] XG5000Client - 배치 1 성공: 1개 항목, 0.012초
2025-08-18 22:30:14 [INFO] XG5000Client - 배치 2 성공: 4개 항목, 0.045초
2025-08-18 22:30:14 [INFO] XG5000Client - 배치 3 성공: 1개 항목, 0.036초
2025-08-18 22:30:14 [INFO] XG5000Client - 배치 4 성공: 2개 항목, 0.029초
2025-08-18 22:30:14 [INFO] XG5000Client - 배치 5 성공: 2개 항목, 0.030초
2025-08-18 22:30:14 [INFO] XG5000Client - 배치 6 성공: 4개 항목, 0.037초
2025-08-18 22:30:14 [INFO] XG5000Client - 배치 7 성공: 5개 항목, 0.029초
2025-08-18 22:30:14 [INFO] XG5000Client - 배치 8 성공: 5개 항목, 0.008초
2025-08-18 22:30:15 [INFO] XG5000Client - 배치 9 성공: 7개 항목, 0.733초
2025-08-18 22:30:15 [INFO] XG5000Client - 배치 10 성공: 7개 항목, 0.007초
2025-08-18 22:30:15 [INFO] XG5000Client - 배치 11 성공: 10개 항목, 0.006초
2025-08-18 22:30:16 [INFO] XG5000Client - 배치 12 성공: 10개 항목, 0.520초
2025-08-18 22:30:16 [INFO] XG5000Client - 배치 13 성공: 6개 항목, 0.030초
2025-08-18 22:30:16 [INFO] XG5000Client - 배치 14 성공: 6개 항목, 0.029초
2025-08-18 22:30:16 [INFO] XG5000Client - 배치 15 성공: 8개 항목, 0.029초
2025-08-18 22:30:16 [INFO] XG5000Client - 배치 16 성공: 5개 항목, 0.008초
2025-08-18 22:30:16 [INFO] XG5000Client - 배치 17 성공: 11개 항목, 0.513초
2025-08-18 22:30:16 [INFO] XG5000Client - 타입 M 처리: 4개 항목
2025-08-18 22:30:16 [DEBUG] XG5000Client - 배치 그룹 생성: 4개 항목 → 3개 배치
2025-08-18 22:30:16 [INFO] XG5000Client - 배치 처리: M 타입, 3개 배치
2025-08-18 22:30:16 [DEBUG] XG5000Client -   배치 1: [132, 133] (2개 항목)
2025-08-18 22:30:16 [DEBUG] XG5000Client -   배치 2: [210] (1개 항목)
2025-08-18 22:30:16 [DEBUG] XG5000Client -   배치 3: [221] (1개 항목)
2025-08-18 22:30:17 [INFO] XG5000Client - 배치 1 성공: 2개 항목, 0.212초
2025-08-18 22:30:17 [INFO] XG5000Client - 배치 2 성공: 1개 항목, 0.029초
2025-08-18 22:30:17 [INFO] XG5000Client - 배치 3 성공: 1개 항목, 0.030초
2025-08-18 22:30:17 [INFO] XG5000Client - 타입 X 처리: 3개 항목
2025-08-18 22:30:17 [DEBUG] XG5000Client - 배치 그룹 생성: 3개 항목 → 3개 배치
2025-08-18 22:30:17 [INFO] XG5000Client - 배치 처리: X 타입, 3개 배치
2025-08-18 22:30:17 [DEBUG] XG5000Client -   배치 1: [0] (1개 항목)
2025-08-18 22:30:17 [DEBUG] XG5000Client -   배치 2: [4] (1개 항목)
2025-08-18 22:30:17 [DEBUG] XG5000Client -   배치 3: [8] (1개 항목)
2025-08-18 22:30:17 [ERROR] XG5000Client - PLC 배치 읽기: %IW0 x1 읽기 오류: PLC Error: 0xFFFF
2025-08-18 22:30:17 [ERROR] XG5000Client - 배치 1 실패: 1개 항목
2025-08-18 22:30:17 [ERROR] XG5000Client - PLC 배치 읽기: %IW4 x1 읽기 오류: PLC Error: 0xFFFF
2025-08-18 22:30:17 [ERROR] XG5000Client - 배치 2 실패: 1개 항목
2025-08-18 22:30:17 [ERROR] XG5000Client - PLC 배치 읽기: %IW8 x1 읽기 오류: PLC Error: 0xFFFF
2025-08-18 22:30:17 [ERROR] XG5000Client - 배치 3 실패: 1개 항목
2025-08-18 22:30:17 [INFO] XG5000Client - 데이터 수집 완료: 총 104개, 성공 38개, 실패 66개
2025-08-18 22:30:17 [INFO] XG5000Client - 수집 시간: 2.683초
2025-08-18 22:30:17 [WARNING] XG5000Client - 수집 실패 항목: 66개
2025-08-18 22:30:17 [INFO] XG5000Client - 성능 측정: 전체 배치 읽기 - 2.683초
2025-08-18 22:30:17 [DEBUG] XG5000Client - 성능 상세: 성공: 38, 실패: 66
2025-08-18 22:30:17 [INFO] XG5000Client - DB 저장: plc_real_time_data 테이블, 104개 레코드
2025-08-18 22:30:17 [DEBUG] XG5000Client - 작업 상세: 삭제: 104개, 삽입: 104개, 시간: 0.242초
2025-08-18 22:30:17 [INFO] XG5000Client - 성능 측정: 실시간 데이터 저장 - 0.242초
2025-08-18 22:30:17 [DEBUG] XG5000Client - 성능 상세: 삭제: 104, 삽입: 104
2025-08-18 22:30:17 [DEBUG] XG5000Client - 데이터 수집 완료 (회차: 4, 시간: 2.930초)
2025-08-18 22:30:18 [DEBUG] XG5000Client - 데이터 수집 시작 (회차: 5)
2025-08-18 22:30:18 [INFO] XG5000Client - DB 조회: plc_data_items 테이블, 104개 레코드
2025-08-18 22:30:18 [DEBUG] XG5000Client - 작업 상세: 조회 시간: 0.006초
2025-08-18 22:30:18 [INFO] XG5000Client - 성능 측정: 데이터 항목 조회 - 0.006초
2025-08-18 22:30:18 [DEBUG] XG5000Client - 성능 상세: PLC 장치 ID: 1
2025-08-18 22:30:18 [INFO] XG5000Client - 배치 읽기 시작: 총 104개 항목
2025-08-18 22:30:18 [INFO] XG5000Client - 타입 C 처리: 3개 항목
2025-08-18 22:30:18 [DEBUG] XG5000Client - 배치 그룹 생성: 3개 항목 → 1개 배치
2025-08-18 22:30:18 [INFO] XG5000Client - 배치 처리: C 타입, 1개 배치
2025-08-18 22:30:18 [DEBUG] XG5000Client -   배치 1: [180, 181, 182] (3개 항목)
2025-08-18 22:30:18 [INFO] XG5000Client - 배치 1 성공: 3개 항목, 0.211초
2025-08-18 22:30:18 [INFO] XG5000Client - 타입 D 처리: 94개 항목
2025-08-18 22:30:18 [DEBUG] XG5000Client - 배치 그룹 생성: 94개 항목 → 17개 배치
2025-08-18 22:30:18 [INFO] XG5000Client - 배치 처리: D 타입, 17개 배치
2025-08-18 22:30:18 [DEBUG] XG5000Client -   배치 1: [0] (1개 항목)
2025-08-18 22:30:18 [DEBUG] XG5000Client -   배치 2: [4000, 4001, 4002, 4003] (4개 항목)
2025-08-18 22:30:18 [DEBUG] XG5000Client -   배치 3: [4010] (1개 항목)
2025-08-18 22:30:18 [DEBUG] XG5000Client -   배치 4: [4012, 4013] (2개 항목)
2025-08-18 22:30:18 [DEBUG] XG5000Client -   배치 5: [4102, 4103] (2개 항목)
2025-08-18 22:30:18 [DEBUG] XG5000Client -   배치 6: [4121, 4122, 4123, 4124] (4개 항목)
2025-08-18 22:30:18 [DEBUG] XG5000Client -   배치 7: [4201, 4202, 4203, 4204, 4205] (5개 항목)
2025-08-18 22:30:18 [DEBUG] XG5000Client -   배치 8: [4221, 4222, 4223, 4224, 4225] (5개 항목)
2025-08-18 22:30:18 [DEBUG] XG5000Client -   배치 9: [4301, 4302, 4303, 4304, 4305, 4306, 4307] (7개 항목)
2025-08-18 22:30:18 [DEBUG] XG5000Client -   배치 10: [4321, 4322, 4323, 4324, 4325, 4326, 4327] (7개 항목)
2025-08-18 22:30:18 [DEBUG] XG5000Client -   배치 11: [4401, 4402, 4403, 4404, 4405, 4406, 4407, 4408, 4409, 4410] (10개 항목)
2025-08-18 22:30:18 [DEBUG] XG5000Client -   배치 12: [4421, 4422, 4423, 4424, 4425, 4426, 4427, 4428, 4429, 4430] (10개 항목)
2025-08-18 22:30:18 [DEBUG] XG5000Client -   배치 13: [4501, 4502, 4503, 4504, 4505, 4506] (6개 항목)
2025-08-18 22:30:18 [DEBUG] XG5000Client -   배치 14: [4521, 4522, 4523, 4524, 4525, 4526] (6개 항목)
2025-08-18 22:30:18 [DEBUG] XG5000Client -   배치 15: [4601, 4602, 4603, 4604, 4605, 4606, 4607, 4608] (8개 항목)
2025-08-18 22:30:18 [DEBUG] XG5000Client -   배치 16: [4610, 4611, 4612, 4613, 4614] (5개 항목)
2025-08-18 22:30:18 [DEBUG] XG5000Client -   배치 17: [4620, 4621, 4622, 4623, 4624, 4625, 4626, 4627, 4628, 4629, 4630] (11개 항목)
2025-08-18 22:30:18 [INFO] XG5000Client - 배치 1 성공: 1개 항목, 0.007초
2025-08-18 22:30:18 [INFO] XG5000Client - 배치 2 성공: 4개 항목, 0.008초
2025-08-18 22:30:19 [INFO] XG5000Client - 배치 3 성공: 1개 항목, 0.521초
2025-08-18 22:30:19 [INFO] XG5000Client - 배치 4 성공: 2개 항목, 0.014초
2025-08-18 22:30:19 [INFO] XG5000Client - 배치 5 성공: 2개 항목, 0.008초
2025-08-18 22:30:19 [INFO] XG5000Client - 배치 6 성공: 4개 항목, 0.527초
2025-08-18 22:30:19 [INFO] XG5000Client - 배치 7 성공: 5개 항목, 0.013초
2025-08-18 22:30:19 [INFO] XG5000Client - 배치 8 성공: 5개 항목, 0.016초
2025-08-18 22:30:20 [INFO] XG5000Client - 배치 9 성공: 7개 항목, 0.527초
2025-08-18 22:30:20 [INFO] XG5000Client - 배치 10 성공: 7개 항목, 0.029초
2025-08-18 22:30:20 [INFO] XG5000Client - 배치 11 성공: 10개 항목, 0.030초
2025-08-18 22:30:20 [INFO] XG5000Client - 배치 12 성공: 10개 항목, 0.028초
2025-08-18 22:30:20 [INFO] XG5000Client - 배치 13 성공: 6개 항목, 0.037초
2025-08-18 22:30:20 [INFO] XG5000Client - 배치 14 성공: 6개 항목, 0.028초
2025-08-18 22:30:20 [INFO] XG5000Client - 배치 15 성공: 8개 항목, 0.220초
2025-08-18 22:30:20 [INFO] XG5000Client - 배치 16 성공: 5개 항목, 0.023초
2025-08-18 22:30:20 [INFO] XG5000Client - 배치 17 성공: 11개 항목, 0.007초
2025-08-18 22:30:20 [INFO] XG5000Client - 타입 M 처리: 4개 항목
2025-08-18 22:30:20 [DEBUG] XG5000Client - 배치 그룹 생성: 4개 항목 → 3개 배치
2025-08-18 22:30:20 [INFO] XG5000Client - 배치 처리: M 타입, 3개 배치
2025-08-18 22:30:20 [DEBUG] XG5000Client -   배치 1: [132, 133] (2개 항목)
2025-08-18 22:30:20 [DEBUG] XG5000Client -   배치 2: [210] (1개 항목)
2025-08-18 22:30:20 [DEBUG] XG5000Client -   배치 3: [221] (1개 항목)
2025-08-18 22:30:21 [INFO] XG5000Client - 배치 1 성공: 2개 항목, 0.541초
2025-08-18 22:30:21 [INFO] XG5000Client - 배치 2 성공: 1개 항목, 0.008초
2025-08-18 22:30:21 [INFO] XG5000Client - 배치 3 성공: 1개 항목, 0.008초
2025-08-18 22:30:21 [INFO] XG5000Client - 타입 X 처리: 3개 항목
2025-08-18 22:30:21 [DEBUG] XG5000Client - 배치 그룹 생성: 3개 항목 → 3개 배치
2025-08-18 22:30:21 [INFO] XG5000Client - 배치 처리: X 타입, 3개 배치
2025-08-18 22:30:21 [DEBUG] XG5000Client -   배치 1: [0] (1개 항목)
2025-08-18 22:30:21 [DEBUG] XG5000Client -   배치 2: [4] (1개 항목)
2025-08-18 22:30:21 [DEBUG] XG5000Client -   배치 3: [8] (1개 항목)
2025-08-18 22:30:22 [ERROR] XG5000Client - PLC 배치 읽기: %IW0 x1 읽기 오류: PLC Error: 0xFFFF
2025-08-18 22:30:22 [ERROR] XG5000Client - 배치 1 실패: 1개 항목
2025-08-18 22:30:22 [ERROR] XG5000Client - PLC 배치 읽기: %IW4 x1 읽기 오류: PLC Error: 0xFFFF
2025-08-18 22:30:22 [ERROR] XG5000Client - 배치 2 실패: 1개 항목
2025-08-18 22:30:22 [ERROR] XG5000Client - PLC 배치 읽기: %IW8 x1 읽기 오류: PLC Error: 0xFFFF
2025-08-18 22:30:22 [ERROR] XG5000Client - 배치 3 실패: 1개 항목
2025-08-18 22:30:22 [INFO] XG5000Client - 데이터 수집 완료: 총 104개, 성공 38개, 실패 66개
2025-08-18 22:30:22 [INFO] XG5000Client - 수집 시간: 3.786초
2025-08-18 22:30:22 [WARNING] XG5000Client - 수집 실패 항목: 66개
2025-08-18 22:30:22 [INFO] XG5000Client - 성능 측정: 전체 배치 읽기 - 3.786초
2025-08-18 22:30:22 [DEBUG] XG5000Client - 성능 상세: 성공: 38, 실패: 66
2025-08-18 22:30:22 [INFO] XG5000Client - DB 저장: plc_real_time_data 테이블, 104개 레코드
2025-08-18 22:30:22 [DEBUG] XG5000Client - 작업 상세: 삭제: 104개, 삽입: 104개, 시간: 0.217초
2025-08-18 22:30:22 [INFO] XG5000Client - 성능 측정: 실시간 데이터 저장 - 0.217초
2025-08-18 22:30:22 [DEBUG] XG5000Client - 성능 상세: 삭제: 104, 삽입: 104
2025-08-18 22:30:22 [DEBUG] XG5000Client - 데이터 수집 완료 (회차: 5, 시간: 4.012초)
2025-08-18 22:30:23 [DEBUG] XG5000Client - 데이터 수집 시작 (회차: 6)
2025-08-18 22:30:23 [INFO] XG5000Client - DB 조회: plc_data_items 테이블, 104개 레코드
2025-08-18 22:30:23 [DEBUG] XG5000Client - 작업 상세: 조회 시간: 0.011초
2025-08-18 22:30:23 [INFO] XG5000Client - 성능 측정: 데이터 항목 조회 - 0.011초
2025-08-18 22:30:23 [DEBUG] XG5000Client - 성능 상세: PLC 장치 ID: 1
2025-08-18 22:30:23 [INFO] XG5000Client - 배치 읽기 시작: 총 104개 항목
2025-08-18 22:30:23 [INFO] XG5000Client - 타입 C 처리: 3개 항목
2025-08-18 22:30:23 [DEBUG] XG5000Client - 배치 그룹 생성: 3개 항목 → 1개 배치
2025-08-18 22:30:23 [INFO] XG5000Client - 배치 처리: C 타입, 1개 배치
2025-08-18 22:30:23 [DEBUG] XG5000Client -   배치 1: [180, 181, 182] (3개 항목)
2025-08-18 22:30:23 [INFO] XG5000Client - 배치 1 성공: 3개 항목, 0.031초
2025-08-18 22:30:23 [INFO] XG5000Client - 타입 D 처리: 94개 항목
2025-08-18 22:30:23 [DEBUG] XG5000Client - 배치 그룹 생성: 94개 항목 → 17개 배치
2025-08-18 22:30:23 [INFO] XG5000Client - 배치 처리: D 타입, 17개 배치
2025-08-18 22:30:23 [DEBUG] XG5000Client -   배치 1: [0] (1개 항목)
2025-08-18 22:30:23 [DEBUG] XG5000Client -   배치 2: [4000, 4001, 4002, 4003] (4개 항목)
2025-08-18 22:30:23 [DEBUG] XG5000Client -   배치 3: [4010] (1개 항목)
2025-08-18 22:30:23 [DEBUG] XG5000Client -   배치 4: [4012, 4013] (2개 항목)
2025-08-18 22:30:23 [DEBUG] XG5000Client -   배치 5: [4102, 4103] (2개 항목)
2025-08-18 22:30:23 [DEBUG] XG5000Client -   배치 6: [4121, 4122, 4123, 4124] (4개 항목)
2025-08-18 22:30:23 [DEBUG] XG5000Client -   배치 7: [4201, 4202, 4203, 4204, 4205] (5개 항목)
2025-08-18 22:30:23 [DEBUG] XG5000Client -   배치 8: [4221, 4222, 4223, 4224, 4225] (5개 항목)
2025-08-18 22:30:23 [DEBUG] XG5000Client -   배치 9: [4301, 4302, 4303, 4304, 4305, 4306, 4307] (7개 항목)
2025-08-18 22:30:23 [DEBUG] XG5000Client -   배치 10: [4321, 4322, 4323, 4324, 4325, 4326, 4327] (7개 항목)
2025-08-18 22:30:23 [DEBUG] XG5000Client -   배치 11: [4401, 4402, 4403, 4404, 4405, 4406, 4407, 4408, 4409, 4410] (10개 항목)
2025-08-18 22:30:23 [DEBUG] XG5000Client -   배치 12: [4421, 4422, 4423, 4424, 4425, 4426, 4427, 4428, 4429, 4430] (10개 항목)
2025-08-18 22:30:23 [DEBUG] XG5000Client -   배치 13: [4501, 4502, 4503, 4504, 4505, 4506] (6개 항목)
2025-08-18 22:30:23 [DEBUG] XG5000Client -   배치 14: [4521, 4522, 4523, 4524, 4525, 4526] (6개 항목)
2025-08-18 22:30:23 [DEBUG] XG5000Client -   배치 15: [4601, 4602, 4603, 4604, 4605, 4606, 4607, 4608] (8개 항목)
2025-08-18 22:30:23 [DEBUG] XG5000Client -   배치 16: [4610, 4611, 4612, 4613, 4614] (5개 항목)
2025-08-18 22:30:23 [DEBUG] XG5000Client -   배치 17: [4620, 4621, 4622, 4623, 4624, 4625, 4626, 4627, 4628, 4629, 4630] (11개 항목)
2025-08-18 22:30:23 [INFO] XG5000Client - 배치 1 성공: 1개 항목, 0.027초
2025-08-18 22:30:23 [INFO] XG5000Client - 배치 2 성공: 4개 항목, 0.030초
2025-08-18 22:30:23 [INFO] XG5000Client - 배치 3 성공: 1개 항목, 0.007초
2025-08-18 22:30:24 [INFO] XG5000Client - 배치 4 성공: 2개 항목, 0.541초
2025-08-18 22:30:24 [INFO] XG5000Client - 배치 5 성공: 2개 항목, 0.029초
2025-08-18 22:30:24 [INFO] XG5000Client - 배치 6 성공: 4개 항목, 0.028초
2025-08-18 22:30:24 [INFO] XG5000Client - 배치 7 성공: 5개 항목, 0.008초
2025-08-18 22:30:24 [INFO] XG5000Client - 배치 8 성공: 5개 항목, 0.526초
2025-08-18 22:30:24 [INFO] XG5000Client - 배치 9 성공: 7개 항목, 0.031초
2025-08-18 22:30:24 [INFO] XG5000Client - 배치 10 성공: 7개 항목, 0.027초
2025-08-18 22:30:24 [INFO] XG5000Client - 배치 11 성공: 10개 항목, 0.013초
2025-08-18 22:30:25 [INFO] XG5000Client - 배치 12 성공: 10개 항목, 0.522초
2025-08-18 22:30:25 [INFO] XG5000Client - 배치 13 성공: 6개 항목, 0.022초
2025-08-18 22:30:25 [INFO] XG5000Client - 배치 14 성공: 6개 항목, 0.214초
2025-08-18 22:30:25 [INFO] XG5000Client - 배치 15 성공: 8개 항목, 0.029초
2025-08-18 22:30:25 [INFO] XG5000Client - 배치 16 성공: 5개 항목, 0.008초
2025-08-18 22:30:26 [INFO] XG5000Client - 배치 17 성공: 11개 항목, 0.513초
2025-08-18 22:30:26 [INFO] XG5000Client - 타입 M 처리: 4개 항목
2025-08-18 22:30:26 [DEBUG] XG5000Client - 배치 그룹 생성: 4개 항목 → 3개 배치
2025-08-18 22:30:26 [INFO] XG5000Client - 배치 처리: M 타입, 3개 배치
2025-08-18 22:30:26 [DEBUG] XG5000Client -   배치 1: [132, 133] (2개 항목)
2025-08-18 22:30:26 [DEBUG] XG5000Client -   배치 2: [210] (1개 항목)
2025-08-18 22:30:26 [DEBUG] XG5000Client -   배치 3: [221] (1개 항목)
2025-08-18 22:30:26 [INFO] XG5000Client - 배치 1 성공: 2개 항목, 0.012초
2025-08-18 22:30:26 [INFO] XG5000Client - 배치 2 성공: 1개 항목, 0.029초
2025-08-18 22:30:27 [INFO] XG5000Client - 배치 3 성공: 1개 항목, 0.734초
2025-08-18 22:30:27 [INFO] XG5000Client - 타입 X 처리: 3개 항목
2025-08-18 22:30:27 [DEBUG] XG5000Client - 배치 그룹 생성: 3개 항목 → 3개 배치
2025-08-18 22:30:27 [INFO] XG5000Client - 배치 처리: X 타입, 3개 배치
2025-08-18 22:30:27 [DEBUG] XG5000Client -   배치 1: [0] (1개 항목)
2025-08-18 22:30:27 [DEBUG] XG5000Client -   배치 2: [4] (1개 항목)
2025-08-18 22:30:27 [DEBUG] XG5000Client -   배치 3: [8] (1개 항목)
2025-08-18 22:30:27 [ERROR] XG5000Client - PLC 배치 읽기: %IW0 x1 읽기 오류: PLC Error: 0xFFFF
2025-08-18 22:30:27 [ERROR] XG5000Client - 배치 1 실패: 1개 항목
2025-08-18 22:30:27 [ERROR] XG5000Client - PLC 배치 읽기: %IW4 x1 읽기 오류: PLC Error: 0xFFFF
2025-08-18 22:30:27 [ERROR] XG5000Client - 배치 2 실패: 1개 항목
2025-08-18 22:30:27 [ERROR] XG5000Client - PLC 배치 읽기: %IW8 x1 읽기 오류: PLC Error: 0xFFFF
2025-08-18 22:30:27 [ERROR] XG5000Client - 배치 3 실패: 1개 항목
2025-08-18 22:30:27 [INFO] XG5000Client - 데이터 수집 완료: 총 104개, 성공 38개, 실패 66개
2025-08-18 22:30:27 [INFO] XG5000Client - 수집 시간: 3.479초
2025-08-18 22:30:27 [WARNING] XG5000Client - 수집 실패 항목: 66개
2025-08-18 22:30:27 [INFO] XG5000Client - 성능 측정: 전체 배치 읽기 - 3.479초
2025-08-18 22:30:27 [DEBUG] XG5000Client - 성능 상세: 성공: 38, 실패: 66
2025-08-18 22:30:27 [INFO] XG5000Client - DB 저장: plc_real_time_data 테이블, 104개 레코드
2025-08-18 22:30:27 [DEBUG] XG5000Client - 작업 상세: 삭제: 104개, 삽입: 104개, 시간: 0.315초
2025-08-18 22:30:27 [INFO] XG5000Client - 성능 측정: 실시간 데이터 저장 - 0.315초
2025-08-18 22:30:27 [DEBUG] XG5000Client - 성능 상세: 삭제: 104, 삽입: 104
2025-08-18 22:30:27 [DEBUG] XG5000Client - 데이터 수집 완료 (회차: 6, 시간: 3.804초)
